<?xml version="1.0" encoding="UTF-8"?>
<testng-results skipped="0" failed="0" ignored="0" total="1" passed="1">
  <reporter-output>
  </reporter-output>
  <suite name="Default suite" duration-ms="9895" started-at="2020-12-23T23:58:37 COT" finished-at="2020-12-23T23:58:47 COT">
    <groups>
    </groups>
    <test name="Default test" duration-ms="9895" started-at="2020-12-23T23:58:37 COT" finished-at="2020-12-23T23:58:47 COT">
      <class name="samplePrograms.Google">
        <test-method status="PASS" signature="JenkinsTest()[pri:0, instance:samplePrograms.Google@2a556333]" name="JenkinsTest" duration-ms="9866" started-at="2020-12-23T23:58:37 COT" finished-at="2020-12-23T23:58:47 COT">
          <reporter-output>
          </reporter-output>
        </test-method> <!-- JenkinsTest -->
      </class> <!-- samplePrograms.Google -->
    </test> <!-- Default test -->
  </suite> <!-- Default suite -->
</testng-results>
